                                shLib change log                                

                        (2013-03-02 15:52 - build #353)                         


    [new]    Added "custom" loggin method
    [new]    Added Cycle class, to alternate over a provided set of values
    [new]    shLib nows implements layouts
    [new]    Added string manipulation class
    [new]    Added Joomla! version check before installation
    [new]    J3 MVC compatiblity classes
    [new]    Added a resource manager to allow proper install/uninstall
             sequences for shared resources such as shLib
    [new]    Make sure our models use our expanded db class, by overriding
             $this->_db when creating a model based on ShlMvcModel_base
    [new]    Autloader now accept an isPackage parameter when registering a
             prefix, to decide whether first level path element should be
             pluralized or not
    [new]    Added MVC compatibility layer, handling J! 2 & J! 3

    [chg]    Modals size is now computed when modal opens, not when link to
             modal is created
    [chg]    Joomla 3+ popup toolbar button now accepts icon class parameter
    [chg]    Moved array to JS string converted to shLib
    [chg]    Added css files for J3 modals
    [chg]    Added J2/J3 toolbar buttons
    [chg]    Hardcoded path to Zend library, to save time and also avoid use
             of glob(), which might be disabled by some hosting companies
    [chg]    Prefixed all supplemental db methods with 'shl', to avoid future
             possible collisions with other libs or Joomla adding methods to
             its db class
    [chg]    Added eLoadColumn() and selectColumn() to db library, deprecated
             eLoadResultArray() and selectResultArray()
    [chg]    Added new, shorter, logging methods. Left old ones for backward
             compatb
    [chg]    Missing index.html files in sub dirs
    [chg]    Logger now accept a prefix param for all methods, that will be
             prepended to the log file path before writing, so as to put
             different log files in different sub-dirs inside the main log
             files dir Also, removed usage of deprecated Joomla logging class
             methods, and accept path parameters
    [chg]    Now clearing output buffer before aborting HTTP request
    [chg]    Changed error handling for Joomla! 2/3 compatiblity

    [bug]    Not always complying with logging levels, can result in mixing up
             log messages
    [bug]    Shared memory cache not reading host address from config
